# JRE version: Java(TM) SE Runtime Environment (8.0_92-b14) (build 1.8.0_92-b14)
# Java VM: Java HotSpot(TM) Client VM (25.92-b14 mixed mode windows-x86 )
Heap:
 def new generation   total 39424K, used 10223K [0x04400000, 0x06ec0000, 0x0eea0000)
  eden space 35072K,  25% used [0x04400000, 0x04c99620, 0x06640000)
  from space 4352K,  32% used [0x06a80000, 0x06be26a0, 0x06ec0000)
  to   space 4352K,   0% used [0x06640000, 0x06640000, 0x06a80000)
 tenured generation   total 87424K, used 26691K [0x0eea0000, 0x14400000, 0x24400000)
   the space 87424K,  30% used [0x0eea0000, 0x108b0ef8, 0x108b1000, 0x14400000)
 Metaspace       used 19647K, capacity 20156K, committed 20224K, reserved 20864K
GC Heap History (10 events):
Event: 6.381 GC heap before
{Heap before GC invocations=1 (full 0):
 def new generation   total 39296K, used 39296K [0x04400000, 0x06ea0000, 0x0eea0000)
  eden space 34944K, 100% used [0x04400000, 0x06620000, 0x06620000)
  from space 4352K, 100% used [0x06a60000, 0x06ea0000, 0x06ea0000)
  to   space 4352K,   0% used [0x06620000, 0x06620000, 0x06a60000)
 tenured generation   total 87424K, used 2804K [0x0eea0000, 0x14400000, 0x24400000)
   the space 87424K,   3% used [0x0eea0000, 0x0f15d048, 0x0f15d200, 0x14400000)
 Metaspace       used 11330K, capacity 11689K, committed 11776K, reserved 12672K
Event: 6.439 GC heap after
Heap after GC invocations=2 (full 0):
 def new generation   total 39296K, used 4352K [0x04400000, 0x06ea0000, 0x0eea0000)
  eden space 34944K,   0% used [0x04400000, 0x04400000, 0x06620000)
  from space 4352K, 100% used [0x06620000, 0x06a60000, 0x06a60000)
  to   space 4352K,   0% used [0x06a60000, 0x06a60000, 0x06ea0000)
 tenured generation   total 87424K, used 9716K [0x0eea0000, 0x14400000, 0x24400000)
   the space 87424K,  11% used [0x0eea0000, 0x0f81d308, 0x0f81d400, 0x14400000)
 Metaspace       used 11330K, capacity 11689K, committed 11776K, reserved 12672K
}
Event: 8.136 GC heap before
{Heap before GC invocations=2 (full 0):
 def new generation   total 39296K, used 14202K [0x04400000, 0x06ea0000, 0x0eea0000)
  eden space 34944K,  28% used [0x04400000, 0x04d9e900, 0x06620000)
  from space 4352K, 100% used [0x06620000, 0x06a60000, 0x06a60000)
  to   space 4352K,   0% used [0x06a60000, 0x06a60000, 0x06ea0000)
 tenured generation   total 87424K, used 9716K [0x0eea0000, 0x14400000, 0x24400000)
   the space 87424K,  11% used [0x0eea0000, 0x0f81d308, 0x0f81d400, 0x14400000)
 Metaspace       used 11892K, capacity 12248K, committed 12288K, reserved 12672K
Event: 8.215 GC heap after
Heap after GC invocations=3 (full 1):
 def new generation   total 39424K, used 0K [0x04400000, 0x06ec0000, 0x0eea0000)
  eden space 35072K,   0% used [0x04400000, 0x04400000, 0x06640000)
  from space 4352K,   0% used [0x06640000, 0x06640000, 0x06a80000)
  to   space 4352K,   0% used [0x06a80000, 0x06a80000, 0x06ec0000)
 tenured generation   total 87424K, used 15123K [0x0eea0000, 0x14400000, 0x24400000)
   the space 87424K,  17% used [0x0eea0000, 0x0fd64f18, 0x0fd65000, 0x14400000)
 Metaspace       used 11892K, capacity 12248K, committed 12288K, reserved 12672K
}
Event: 14.408 GC heap before
{Heap before GC invocations=3 (full 1):
 def new generation   total 39424K, used 35072K [0x04400000, 0x06ec0000, 0x0eea0000)
  eden space 35072K, 100% used [0x04400000, 0x06640000, 0x06640000)
  from space 4352K,   0% used [0x06640000, 0x06640000, 0x06a80000)
  to   space 4352K,   0% used [0x06a80000, 0x06a80000, 0x06ec0000)
 tenured generation   total 87424K, used 15123K [0x0eea0000, 0x14400000, 0x24400000)
   the space 87424K,  17% used [0x0eea0000, 0x0fd64f18, 0x0fd65000, 0x14400000)
 Metaspace       used 16745K, capacity 17195K, committed 17280K, reserved 17792K
Event: 14.436 GC heap after
Heap after GC invocations=4 (full 1):
 def new generation   total 39424K, used 4352K [0x04400000, 0x06ec0000, 0x0eea0000)
  eden space 35072K,   0% used [0x04400000, 0x04400000, 0x06640000)
  from space 4352K, 100% used [0x06a80000, 0x06ec0000, 0x06ec0000)
  to   space 4352K,   0% used [0x06640000, 0x06640000, 0x06a80000)
 tenured generation   total 87424K, used 16958K [0x0eea0000, 0x14400000, 0x24400000)
   the space 87424K,  19% used [0x0eea0000, 0x0ff2fa38, 0x0ff2fc00, 0x14400000)
 Metaspace       used 16745K, capacity 17195K, committed 17280K, reserved 17792K
}
Event: 79.260 GC heap before
{Heap before GC invocations=4 (full 1):
 def new generation   total 39424K, used 39424K [0x04400000, 0x06ec0000, 0x0eea0000)
  eden space 35072K, 100% used [0x04400000, 0x06640000, 0x06640000)
  from space 4352K, 100% used [0x06a80000, 0x06ec0000, 0x06ec0000)
  to   space 4352K,   0% used [0x06640000, 0x06640000, 0x06a80000)
 tenured generation   total 87424K, used 16958K [0x0eea0000, 0x14400000, 0x24400000)
   the space 87424K,  19% used [0x0eea0000, 0x0ff2fa38, 0x0ff2fc00, 0x14400000)
 Metaspace       used 19204K, capacity 19701K, committed 19840K, reserved 19840K
Event: 79.307 GC heap after
Heap after GC invocations=5 (full 1):
 def new generation   total 39424K, used 4352K [0x04400000, 0x06ec0000, 0x0eea0000)
  eden space 35072K,   0% used [0x04400000, 0x04400000, 0x06640000)
  from space 4352K, 100% used [0x06640000, 0x06a80000, 0x06a80000)
  to   space 4352K,   0% used [0x06a80000, 0x06a80000, 0x06ec0000)
 tenured generation   total 87424K, used 22414K [0x0eea0000, 0x14400000, 0x24400000)
   the space 87424K,  25% used [0x0eea0000, 0x10483ad8, 0x10483c00, 0x14400000)
 Metaspace       used 19204K, capacity 19701K, committed 19840K, reserved 19840K
}
Event: 442.544 GC heap before
{Heap before GC invocations=5 (full 1):
 def new generation   total 39424K, used 39424K [0x04400000, 0x06ec0000, 0x0eea0000)
  eden space 35072K, 100% used [0x04400000, 0x06640000, 0x06640000)
  from space 4352K, 100% used [0x06640000, 0x06a80000, 0x06a80000)
  to   space 4352K,   0% used [0x06a80000, 0x06a80000, 0x06ec0000)
 tenured generation   total 87424K, used 22414K [0x0eea0000, 0x14400000, 0x24400000)
   the space 87424K,  25% used [0x0eea0000, 0x10483ad8, 0x10483c00, 0x14400000)
 Metaspace       used 19647K, capacity 20156K, committed 20224K, reserved 20864K
Event: 442.577 GC heap after
Heap after GC invocations=6 (full 1):
 def new generation   total 39424K, used 1417K [0x04400000, 0x06ec0000, 0x0eea0000)
  eden space 35072K,   0% used [0x04400000, 0x04400000, 0x06640000)
  from space 4352K,  32% used [0x06a80000, 0x06be26a0, 0x06ec0000)
  to   space 4352K,   0% used [0x06640000, 0x06640000, 0x06a80000)
 tenured generation   total 87424K, used 26691K [0x0eea0000, 0x14400000, 0x24400000)
   the space 87424K,  30% used [0x0eea0000, 0x108b0ef8, 0x108b1000, 0x14400000)
 Metaspace       used 19647K, capacity 20156K, committed 20224K, reserved 20864K
}

