# JRE version: Java(TM) SE Runtime Environment (8.0_92-b14) (build 1.8.0_92-b14)
# Java VM: Java HotSpot(TM) Client VM (25.92-b14 mixed mode windows-x86 )
Heap:
 def new generation   total 39424K, used 17206K [0x05000000, 0x07ac0000, 0x0faa0000)
  eden space 35072K,  48% used [0x05000000, 0x060afab8, 0x07240000)
  from space 4352K,   2% used [0x07680000, 0x0769dfb8, 0x07ac0000)
  to   space 4352K,   0% used [0x07240000, 0x07240000, 0x07680000)
 tenured generation   total 87424K, used 40141K [0x0faa0000, 0x15000000, 0x25000000)
   the space 87424K,  45% used [0x0faa0000, 0x121d3450, 0x121d3600, 0x15000000)
 Metaspace       used 20073K, capacity 20530K, committed 20864K, reserved 20864K
GC Heap History (10 events):
Event: 2650.845 GC heap before
{Heap before GC invocations=184 (full 3):
 def new generation   total 39424K, used 35115K [0x05000000, 0x07ac0000, 0x0faa0000)
  eden space 35072K, 100% used [0x05000000, 0x07240000, 0x07240000)
  from space 4352K,   1% used [0x07240000, 0x0724afd8, 0x07680000)
  to   space 4352K,   0% used [0x07680000, 0x07680000, 0x07ac0000)
 tenured generation   total 87424K, used 40141K [0x0faa0000, 0x15000000, 0x25000000)
   the space 87424K,  45% used [0x0faa0000, 0x121d3450, 0x121d3600, 0x15000000)
 Metaspace       used 20073K, capacity 20530K, committed 20864K, reserved 20864K
Event: 2650.848 GC heap after
Heap after GC invocations=185 (full 3):
 def new generation   total 39424K, used 43K [0x05000000, 0x07ac0000, 0x0faa0000)
  eden space 35072K,   0% used [0x05000000, 0x05000000, 0x07240000)
  from space 4352K,   0% used [0x07680000, 0x0768ad00, 0x07ac0000)
  to   space 4352K,   0% used [0x07240000, 0x07240000, 0x07680000)
 tenured generation   total 87424K, used 40141K [0x0faa0000, 0x15000000, 0x25000000)
   the space 87424K,  45% used [0x0faa0000, 0x121d3450, 0x121d3600, 0x15000000)
 Metaspace       used 20073K, capacity 20530K, committed 20864K, reserved 20864K
}
Event: 2662.508 GC heap before
{Heap before GC invocations=185 (full 3):
 def new generation   total 39424K, used 35115K [0x05000000, 0x07ac0000, 0x0faa0000)
  eden space 35072K, 100% used [0x05000000, 0x07240000, 0x07240000)
  from space 4352K,   0% used [0x07680000, 0x0768ad00, 0x07ac0000)
  to   space 4352K,   0% used [0x07240000, 0x07240000, 0x07680000)
 tenured generation   total 87424K, used 40141K [0x0faa0000, 0x15000000, 0x25000000)
   the space 87424K,  45% used [0x0faa0000, 0x121d3450, 0x121d3600, 0x15000000)
 Metaspace       used 20073K, capacity 20530K, committed 20864K, reserved 20864K
Event: 2662.511 GC heap after
Heap after GC invocations=186 (full 3):
 def new generation   total 39424K, used 43K [0x05000000, 0x07ac0000, 0x0faa0000)
  eden space 35072K,   0% used [0x05000000, 0x05000000, 0x07240000)
  from space 4352K,   0% used [0x07240000, 0x0724ad50, 0x07680000)
  to   space 4352K,   0% used [0x07680000, 0x07680000, 0x07ac0000)
 tenured generation   total 87424K, used 40141K [0x0faa0000, 0x15000000, 0x25000000)
   the space 87424K,  45% used [0x0faa0000, 0x121d3450, 0x121d3600, 0x15000000)
 Metaspace       used 20073K, capacity 20530K, committed 20864K, reserved 20864K
}
Event: 2675.044 GC heap before
{Heap before GC invocations=186 (full 3):
 def new generation   total 39424K, used 35115K [0x05000000, 0x07ac0000, 0x0faa0000)
  eden space 35072K, 100% used [0x05000000, 0x07240000, 0x07240000)
  from space 4352K,   0% used [0x07240000, 0x0724ad50, 0x07680000)
  to   space 4352K,   0% used [0x07680000, 0x07680000, 0x07ac0000)
 tenured generation   total 87424K, used 40141K [0x0faa0000, 0x15000000, 0x25000000)
   the space 87424K,  45% used [0x0faa0000, 0x121d3450, 0x121d3600, 0x15000000)
 Metaspace       used 20073K, capacity 20530K, committed 20864K, reserved 20864K
Event: 2675.047 GC heap after
Heap after GC invocations=187 (full 3):
 def new generation   total 39424K, used 43K [0x05000000, 0x07ac0000, 0x0faa0000)
  eden space 35072K,   0% used [0x05000000, 0x05000000, 0x07240000)
  from space 4352K,   0% used [0x07680000, 0x0768ae08, 0x07ac0000)
  to   space 4352K,   0% used [0x07240000, 0x07240000, 0x07680000)
 tenured generation   total 87424K, used 40141K [0x0faa0000, 0x15000000, 0x25000000)
   the space 87424K,  45% used [0x0faa0000, 0x121d3450, 0x121d3600, 0x15000000)
 Metaspace       used 20073K, capacity 20530K, committed 20864K, reserved 20864K
}
Event: 2688.345 GC heap before
{Heap before GC invocations=187 (full 3):
 def new generation   total 39424K, used 35115K [0x05000000, 0x07ac0000, 0x0faa0000)
  eden space 35072K, 100% used [0x05000000, 0x07240000, 0x07240000)
  from space 4352K,   0% used [0x07680000, 0x0768ae08, 0x07ac0000)
  to   space 4352K,   0% used [0x07240000, 0x07240000, 0x07680000)
 tenured generation   total 87424K, used 40141K [0x0faa0000, 0x15000000, 0x25000000)
   the space 87424K,  45% used [0x0faa0000, 0x121d3450, 0x121d3600, 0x15000000)
 Metaspace       used 20073K, capacity 20530K, committed 20864K, reserved 20864K
Event: 2688.349 GC heap after
Heap after GC invocations=188 (full 3):
 def new generation   total 39424K, used 39K [0x05000000, 0x07ac0000, 0x0faa0000)
  eden space 35072K,   0% used [0x05000000, 0x05000000, 0x07240000)
  from space 4352K,   0% used [0x07240000, 0x07249ed8, 0x07680000)
  to   space 4352K,   0% used [0x07680000, 0x07680000, 0x07ac0000)
 tenured generation   total 87424K, used 40141K [0x0faa0000, 0x15000000, 0x25000000)
   the space 87424K,  45% used [0x0faa0000, 0x121d3450, 0x121d3600, 0x15000000)
 Metaspace       used 20073K, capacity 20530K, committed 20864K, reserved 20864K
}
Event: 3030.504 GC heap before
{Heap before GC invocations=188 (full 3):
 def new generation   total 39424K, used 35111K [0x05000000, 0x07ac0000, 0x0faa0000)
  eden space 35072K, 100% used [0x05000000, 0x07240000, 0x07240000)
  from space 4352K,   0% used [0x07240000, 0x07249ed8, 0x07680000)
  to   space 4352K,   0% used [0x07680000, 0x07680000, 0x07ac0000)
 tenured generation   total 87424K, used 40141K [0x0faa0000, 0x15000000, 0x25000000)
   the space 87424K,  45% used [0x0faa0000, 0x121d3450, 0x121d3600, 0x15000000)
 Metaspace       used 20073K, capacity 20530K, committed 20864K, reserved 20864K
Event: 3030.509 GC heap after
Heap after GC invocations=189 (full 3):
 def new generation   total 39424K, used 119K [0x05000000, 0x07ac0000, 0x0faa0000)
  eden space 35072K,   0% used [0x05000000, 0x05000000, 0x07240000)
  from space 4352K,   2% used [0x07680000, 0x0769dfb8, 0x07ac0000)
  to   space 4352K,   0% used [0x07240000, 0x07240000, 0x07680000)
 tenured generation   total 87424K, used 40141K [0x0faa0000, 0x15000000, 0x25000000)
   the space 87424K,  45% used [0x0faa0000, 0x121d3450, 0x121d3600, 0x15000000)
 Metaspace       used 20073K, capacity 20530K, committed 20864K, reserved 20864K
}

