# JRE version: Java(TM) SE Runtime Environment (8.0_92-b14) (build 1.8.0_92-b14)
# Java VM: Java HotSpot(TM) Client VM (25.92-b14 mixed mode windows-x86 )
Heap:
 def new generation   total 39424K, used 33610K [0x04c00000, 0x076c0000, 0x0f6a0000)
  eden space 35072K,  95% used [0x04c00000, 0x06cc9110, 0x06e40000)
  from space 4352K,   0% used [0x07280000, 0x072899d8, 0x076c0000)
  to   space 4352K,   0% used [0x06e40000, 0x06e40000, 0x07280000)
 tenured generation   total 87424K, used 33087K [0x0f6a0000, 0x14c00000, 0x24c00000)
   the space 87424K,  37% used [0x0f6a0000, 0x116efd38, 0x116efe00, 0x14c00000)
 Metaspace       used 19922K, capacity 20442K, committed 20480K, reserved 20864K
GC Heap History (10 events):
Event: 276.762 GC heap before
{Heap before GC invocations=5 (full 1):
 def new generation   total 39424K, used 39424K [0x04c00000, 0x076c0000, 0x0f6a0000)
  eden space 35072K, 100% used [0x04c00000, 0x06e40000, 0x06e40000)
  from space 4352K, 100% used [0x06e40000, 0x07280000, 0x07280000)
  to   space 4352K,   0% used [0x07280000, 0x07280000, 0x076c0000)
 tenured generation   total 87424K, used 24796K [0x0f6a0000, 0x14c00000, 0x24c00000)
   the space 87424K,  28% used [0x0f6a0000, 0x10ed70b8, 0x10ed7200, 0x14c00000)
 Metaspace       used 19911K, capacity 20442K, committed 20480K, reserved 20864K
Event: 276.798 GC heap after
Heap after GC invocations=6 (full 1):
 def new generation   total 39424K, used 2447K [0x04c00000, 0x076c0000, 0x0f6a0000)
  eden space 35072K,   0% used [0x04c00000, 0x04c00000, 0x06e40000)
  from space 4352K,  56% used [0x07280000, 0x074e3dd8, 0x076c0000)
  to   space 4352K,   0% used [0x06e40000, 0x06e40000, 0x07280000)
 tenured generation   total 87424K, used 28773K [0x0f6a0000, 0x14c00000, 0x24c00000)
   the space 87424K,  32% used [0x0f6a0000, 0x112b9400, 0x112b9400, 0x14c00000)
 Metaspace       used 19911K, capacity 20442K, committed 20480K, reserved 20864K
}
Event: 671.577 GC heap before
{Heap before GC invocations=6 (full 1):
 def new generation   total 39424K, used 37519K [0x04c00000, 0x076c0000, 0x0f6a0000)
  eden space 35072K, 100% used [0x04c00000, 0x06e40000, 0x06e40000)
  from space 4352K,  56% used [0x07280000, 0x074e3dd8, 0x076c0000)
  to   space 4352K,   0% used [0x06e40000, 0x06e40000, 0x07280000)
 tenured generation   total 87424K, used 28773K [0x0f6a0000, 0x14c00000, 0x24c00000)
   the space 87424K,  32% used [0x0f6a0000, 0x112b9400, 0x112b9400, 0x14c00000)
 Metaspace       used 19922K, capacity 20442K, committed 20480K, reserved 20864K
Event: 671.607 GC heap after
Heap after GC invocations=7 (full 1):
 def new generation   total 39424K, used 2345K [0x04c00000, 0x076c0000, 0x0f6a0000)
  eden space 35072K,   0% used [0x04c00000, 0x04c00000, 0x06e40000)
  from space 4352K,  53% used [0x06e40000, 0x0708a470, 0x07280000)
  to   space 4352K,   0% used [0x07280000, 0x07280000, 0x076c0000)
 tenured generation   total 87424K, used 30743K [0x0f6a0000, 0x14c00000, 0x24c00000)
   the space 87424K,  35% used [0x0f6a0000, 0x114a5ff0, 0x114a6000, 0x14c00000)
 Metaspace       used 19922K, capacity 20442K, committed 20480K, reserved 20864K
}
Event: 2028.572 GC heap before
{Heap before GC invocations=7 (full 1):
 def new generation   total 39424K, used 37417K [0x04c00000, 0x076c0000, 0x0f6a0000)
  eden space 35072K, 100% used [0x04c00000, 0x06e40000, 0x06e40000)
  from space 4352K,  53% used [0x06e40000, 0x0708a470, 0x07280000)
  to   space 4352K,   0% used [0x07280000, 0x07280000, 0x076c0000)
 tenured generation   total 87424K, used 30743K [0x0f6a0000, 0x14c00000, 0x24c00000)
   the space 87424K,  35% used [0x0f6a0000, 0x114a5ff0, 0x114a6000, 0x14c00000)
 Metaspace       used 19922K, capacity 20442K, committed 20480K, reserved 20864K
Event: 2028.591 GC heap after
Heap after GC invocations=8 (full 1):
 def new generation   total 39424K, used 37K [0x04c00000, 0x076c0000, 0x0f6a0000)
  eden space 35072K,   0% used [0x04c00000, 0x04c00000, 0x06e40000)
  from space 4352K,   0% used [0x07280000, 0x07289520, 0x076c0000)
  to   space 4352K,   0% used [0x06e40000, 0x06e40000, 0x07280000)
 tenured generation   total 87424K, used 33087K [0x0f6a0000, 0x14c00000, 0x24c00000)
   the space 87424K,  37% used [0x0f6a0000, 0x116efd38, 0x116efe00, 0x14c00000)
 Metaspace       used 19922K, capacity 20442K, committed 20480K, reserved 20864K
}
Event: 3404.091 GC heap before
{Heap before GC invocations=8 (full 1):
 def new generation   total 39424K, used 35109K [0x04c00000, 0x076c0000, 0x0f6a0000)
  eden space 35072K, 100% used [0x04c00000, 0x06e40000, 0x06e40000)
  from space 4352K,   0% used [0x07280000, 0x07289520, 0x076c0000)
  to   space 4352K,   0% used [0x06e40000, 0x06e40000, 0x07280000)
 tenured generation   total 87424K, used 33087K [0x0f6a0000, 0x14c00000, 0x24c00000)
   the space 87424K,  37% used [0x0f6a0000, 0x116efd38, 0x116efe00, 0x14c00000)
 Metaspace       used 19922K, capacity 20442K, committed 20480K, reserved 20864K
Event: 3404.099 GC heap after
Heap after GC invocations=9 (full 1):
 def new generation   total 39424K, used 38K [0x04c00000, 0x076c0000, 0x0f6a0000)
  eden space 35072K,   0% used [0x04c00000, 0x04c00000, 0x06e40000)
  from space 4352K,   0% used [0x06e40000, 0x06e49ba0, 0x07280000)
  to   space 4352K,   0% used [0x07280000, 0x07280000, 0x076c0000)
 tenured generation   total 87424K, used 33087K [0x0f6a0000, 0x14c00000, 0x24c00000)
   the space 87424K,  37% used [0x0f6a0000, 0x116efd38, 0x116efe00, 0x14c00000)
 Metaspace       used 19922K, capacity 20442K, committed 20480K, reserved 20864K
}
Event: 4790.703 GC heap before
{Heap before GC invocations=9 (full 1):
 def new generation   total 39424K, used 35110K [0x04c00000, 0x076c0000, 0x0f6a0000)
  eden space 35072K, 100% used [0x04c00000, 0x06e40000, 0x06e40000)
  from space 4352K,   0% used [0x06e40000, 0x06e49ba0, 0x07280000)
  to   space 4352K,   0% used [0x07280000, 0x07280000, 0x076c0000)
 tenured generation   total 87424K, used 33087K [0x0f6a0000, 0x14c00000, 0x24c00000)
   the space 87424K,  37% used [0x0f6a0000, 0x116efd38, 0x116efe00, 0x14c00000)
 Metaspace       used 19922K, capacity 20442K, committed 20480K, reserved 20864K
Event: 4790.709 GC heap after
Heap after GC invocations=10 (full 1):
 def new generation   total 39424K, used 38K [0x04c00000, 0x076c0000, 0x0f6a0000)
  eden space 35072K,   0% used [0x04c00000, 0x04c00000, 0x06e40000)
  from space 4352K,   0% used [0x07280000, 0x072899d8, 0x076c0000)
  to   space 4352K,   0% used [0x06e40000, 0x06e40000, 0x07280000)
 tenured generation   total 87424K, used 33087K [0x0f6a0000, 0x14c00000, 0x24c00000)
   the space 87424K,  37% used [0x0f6a0000, 0x116efd38, 0x116efe00, 0x14c00000)
 Metaspace       used 19922K, capacity 20442K, committed 20480K, reserved 20864K
}

